make --dry-run --always-make --keep-going --print-directory
make: Entering directory `/Users/hugorecolet/Desktop/Minishell'
make -C libft
make -C libft bonus
mkdir -p .objs
echo "Compiling main.c..."
gcc -Wall -Wextra -Werror -fsanitize=address -g3 -o .objs/main.o -c srcs/main.c
mkdir -p .objs
echo "Compiling singleton.c..."
gcc -Wall -Wextra -Werror -fsanitize=address -g3 -o .objs/singleton.o -c srcs/singleton.c
mkdir -p .objs
echo "Compiling free.c..."
gcc -Wall -Wextra -Werror -fsanitize=address -g3 -o .objs/free.o -c srcs/free.c
mkdir -p .objs
echo "Compiling parsing.c..."
gcc -Wall -Wextra -Werror -fsanitize=address -g3 -o .objs/parsing.o -c srcs/parsing.c
mkdir -p .objs
echo "Compiling exec.c..."
gcc -Wall -Wextra -Werror -fsanitize=address -g3 -o .objs/exec.o -c srcs/exec.c
mkdir -p .objs
echo "Compiling path.c..."
gcc -Wall -Wextra -Werror -fsanitize=address -g3 -o .objs/path.o -c srcs/path.c
mkdir -p .objs
echo "Compiling ft_split.c..."
gcc -Wall -Wextra -Werror -fsanitize=address -g3 -o .objs/ft_split.o -c srcs/ft_split.c
mkdir -p .objs
echo "Compiling init.c..."
gcc -Wall -Wextra -Werror -fsanitize=address -g3 -o .objs/init.o -c srcs/init.c
mkdir -p .objs
echo "Compiling data_struct.c..."
gcc -Wall -Wextra -Werror -fsanitize=address -g3 -o .objs/data_struct.o -c srcs/data_struct.c
mkdir -p .objs
echo "Compiling utils.c..."
gcc -Wall -Wextra -Werror -fsanitize=address -g3 -o .objs/utils.o -c srcs/utils.c
mkdir -p .objs
echo "Compiling redirections.c..."
gcc -Wall -Wextra -Werror -fsanitize=address -g3 -o .objs/redirections.o -c srcs/redirections.c
mkdir -p .objs
echo "Compiling redir_utils.c..."
gcc -Wall -Wextra -Werror -fsanitize=address -g3 -o .objs/redir_utils.o -c srcs/redir_utils.c
mkdir -p .objs
echo "Compiling utils2.c..."
gcc -Wall -Wextra -Werror -fsanitize=address -g3 -o .objs/utils2.o -c srcs/utils2.c
mkdir -p .objs
echo "Compiling heredocs.c..."
gcc -Wall -Wextra -Werror -fsanitize=address -g3 -o .objs/heredocs.o -c srcs/heredocs.c
mkdir -p .objs
echo "Compiling heredocs_utils.c..."
gcc -Wall -Wextra -Werror -fsanitize=address -g3 -o .objs/heredocs_utils.o -c srcs/heredocs_utils.c
mkdir -p .objs
echo "Compiling env_var.c..."
gcc -Wall -Wextra -Werror -fsanitize=address -g3 -o .objs/env_var.o -c srcs/env_var.c
mkdir -p .objs
echo "Compiling env_manipulating.c..."
gcc -Wall -Wextra -Werror -fsanitize=address -g3 -o .objs/env_manipulating.o -c srcs/env_manipulating.c
mkdir -p .objs
echo "Compiling env_parsing.c..."
gcc -Wall -Wextra -Werror -fsanitize=address -g3 -o .objs/env_parsing.o -c srcs/env_parsing.c
# @clear
echo "Linking minishell..."
gcc -Wall -Wextra -Werror -fsanitize=address -g3 .objs/main.o .objs/singleton.o .objs/free.o .objs/parsing.o .objs/exec.o .objs/path.o .objs/ft_split.o .objs/init.o .objs/data_struct.o .objs/utils.o .objs/redirections.o .objs/redir_utils.o .objs/utils2.o .objs/heredocs.o .objs/heredocs_utils.o .objs/env_var.o .objs/env_manipulating.o .objs/env_parsing.o -lreadline libft/libft.a -o minishell
# @clear
echo "Compilation done."
# @clear
echo "        :::   :::   ::::::::::: ::::    ::: ::::::::::: ::::::::  :::    ::: :::::::::: :::        :::  ";
echo "      :+:+: :+:+:      :+:     :+:+:   :+:     :+:    :+:    :+: :+:    :+: :+:        :+:        :+:   ";
echo "    +:+ +:+:+ +:+     +:+     :+:+:+  +:+     +:+    +:+        +:+    +:+ +:+        +:+        +:+    ";
echo "   +#+  +:+  +#+     +#+     +#+ +:+ +#+     +#+    +#++:++#++ +#++:++#++ +#++:++#   +#+        +#+     ";
echo "  +#+       +#+     +#+     +#+  +#+#+#     +#+           +#+ +#+    +#+ +#+        +#+        +#+      ";
echo " #+#       #+#     #+#     #+#   #+#+#     #+#    #+#    #+# #+#    #+# #+#        #+#        #+#       ";
echo "###       ### ########### ###    #### ########### ########  ###    ### ########## ########## ########## ";
echo "                                                                                                      ";
echo "|_      _ _  _ _     _|_     ()      _ _|_  _  _ _ _ ";
echo "|_)\/  | | |(_(_||_|(_| |\/  (_X  \/_\(_| |(/_(_| (_)";
echo "   /                     /        /                  ";
make: Leaving directory `/Users/hugorecolet/Desktop/Minishell'
 
